2018-07-02 10:10:42.147  INFO 4988 --- [main] c.b.o.a.AudioServiceApplicationTests     : Starting AudioServiceApplicationTests on jim_8-PC with PID 4988 (started by jim_8 in C:\workspace\otr-api-audio-spring)
2018-07-02 10:10:42.149  INFO 4988 --- [main] c.b.o.a.AudioServiceApplicationTests     : The following profiles are active: dev
2018-07-02 10:10:42.164  INFO 4988 --- [main] ConfigServletWebServerApplicationContext : Refreshing org.springframework.boot.web.servlet.context.AnnotationConfigServletWebServerApplicationContext@147e2ae7: startup date [Mon Jul 02 10:10:42 EDT 2018]; root of context hierarchy
2018-07-02 10:10:43.332  INFO 4988 --- [main] trationDelegate$BeanPostProcessorChecker : Bean 'org.springframework.transaction.annotation.ProxyTransactionManagementConfiguration' of type [org.springframework.transaction.annotation.ProxyTransactionManagementConfiguration$$EnhancerBySpringCGLIB$$4098dc36] is not eligible for getting processed by all BeanPostProcessors (for example: not eligible for auto-proxying)
2018-07-02 10:10:43.743  INFO 4988 --- [main] o.s.b.w.embedded.tomcat.TomcatWebServer  : Tomcat initialized with port(s): 0 (http)
2018-07-02 10:10:43.766  INFO 4988 --- [main] o.apache.catalina.core.StandardService   : Starting service [Tomcat]
2018-07-02 10:10:43.766  INFO 4988 --- [main] org.apache.catalina.core.StandardEngine  : Starting Servlet Engine: Apache Tomcat/8.5.31
2018-07-02 10:10:43.774  INFO 4988 --- [localhost-startStop-1] o.a.catalina.core.AprLifecycleListener   : The APR based Apache Tomcat Native library which allows optimal performance in production environments was not found on the java.library.path: [C:\Program Files\Java\jdk1.8.0_92\jre\bin;C:\Windows\Sun\Java\bin;C:\Windows\system32;C:\Windows;C:/Program Files/Java/jdk1.8.0_92/bin/../jre/bin/server;C:/Program Files/Java/jdk1.8.0_92/bin/../jre/bin;C:/Program Files/Java/jdk1.8.0_92/bin/../jre/lib/amd64;C:\Program Files\Java\jdk1.8.0_92\bin;C:\Program Files\curl-7.60.0-win64-mingw\bin;C:\ProgramData\Oracle\Java\javapath;C:\Program Files (x86)\Intel\iCLS Client\;C:\Program Files\Intel\iCLS Client\;C:\Program Files\Common Files\Microsoft Shared\Windows Live;C:\Program Files (x86)\Common Files\Microsoft Shared\Windows Live;C:\Windows\system32;C:\Windows;C:\Windows\System32\Wbem;C:\Windows\System32\WindowsPowerShell\v1.0\;C:\Program Files (x86)\Windows Live\Shared;C:\Program Files (x86)\Intel\OpenCL SDK\3.0\bin\x86;C:\Program Files (x86)\Intel\OpenCL SDK\3.0\bin\x64;C:\Program Files\Intel\Intel(R) Management Engine Components\DAL;C:\Program Files\Intel\Intel(R) Management Engine Components\IPT;C:\Program Files (x86)\Intel\Intel(R) Management Engine Components\DAL;C:\Program Files (x86)\Intel\Intel(R) Management Engine Components\IPT;C:\Program Files (x86)\MySQL\MySQL Fabric 1.5.4 & MySQL Utilities 1.5.4 1.5\;C:\Program Files (x86)\MySQL\MySQL Fabric 1.5.4 & MySQL Utilities 1.5.4 1.5\Doctrine extensions for PHP\;C:\Program Files\nodejs\;C:\Users\jim_8\AppData\Roaming\npm;C:\Windows\system32;;.]
2018-07-02 10:10:43.845  INFO 4988 --- [localhost-startStop-1] o.a.c.c.C.[Tomcat].[localhost].[/]       : Initializing Spring embedded WebApplicationContext
2018-07-02 10:10:43.846  INFO 4988 --- [localhost-startStop-1] o.s.web.context.ContextLoader            : Root WebApplicationContext: initialization completed in 1682 ms
2018-07-02 10:10:44.240  INFO 4988 --- [localhost-startStop-1] com.zaxxer.hikari.HikariDataSource       : HikariPool-1 - Starting...
2018-07-02 10:10:44.448  INFO 4988 --- [localhost-startStop-1] com.zaxxer.hikari.HikariDataSource       : HikariPool-1 - Start completed.
2018-07-02 10:10:44.488  INFO 4988 --- [localhost-startStop-1] j.LocalContainerEntityManagerFactoryBean : Building JPA container EntityManagerFactory for persistence unit 'default'
2018-07-02 10:10:44.510  INFO 4988 --- [localhost-startStop-1] o.hibernate.jpa.internal.util.LogHelper  : HHH000204: Processing PersistenceUnitInfo [
	name: default
	...]
2018-07-02 10:10:44.591  INFO 4988 --- [localhost-startStop-1] org.hibernate.Version                    : HHH000412: Hibernate Core {5.2.17.Final}
2018-07-02 10:10:44.593  INFO 4988 --- [localhost-startStop-1] org.hibernate.cfg.Environment            : HHH000206: hibernate.properties not found
2018-07-02 10:10:44.633  INFO 4988 --- [localhost-startStop-1] o.hibernate.annotations.common.Version   : HCANN000001: Hibernate Commons Annotations {5.0.1.Final}
2018-07-02 10:10:44.761  INFO 4988 --- [localhost-startStop-1] org.hibernate.dialect.Dialect            : HHH000400: Using dialect: org.hibernate.dialect.MySQL5InnoDBDialect
2018-07-02 10:10:45.246  INFO 4988 --- [localhost-startStop-1] j.LocalContainerEntityManagerFactoryBean : Initialized JPA EntityManagerFactory for persistence unit 'default'
2018-07-02 10:10:45.578  INFO 4988 --- [localhost-startStop-1] o.h.h.i.QueryTranslatorFactoryInitiator  : HHH000397: Using ASTQueryTranslatorFactory
2018-07-02 10:10:45.755  INFO 4988 --- [localhost-startStop-1] o.s.b.w.servlet.ServletRegistrationBean  : Servlet dispatcherServlet mapped to [/]
2018-07-02 10:10:45.757  INFO 4988 --- [localhost-startStop-1] o.s.b.w.servlet.ServletRegistrationBean  : Servlet com.blastfurnace.otr.servlet.AudioPingServlet mapped to [/ping]
2018-07-02 10:10:45.758  INFO 4988 --- [localhost-startStop-1] o.s.b.w.servlet.ServletRegistrationBean  : Servlet com.blastfurnace.otr.servlet.LogServlet mapped to [/log]
2018-07-02 10:10:45.763  INFO 4988 --- [localhost-startStop-1] o.s.b.w.servlet.FilterRegistrationBean   : Mapping filter: 'characterEncodingFilter' to: [/*]
2018-07-02 10:10:45.763  INFO 4988 --- [localhost-startStop-1] o.s.b.w.servlet.FilterRegistrationBean   : Mapping filter: 'hiddenHttpMethodFilter' to: [/*]
2018-07-02 10:10:45.764  INFO 4988 --- [localhost-startStop-1] o.s.b.w.servlet.FilterRegistrationBean   : Mapping filter: 'httpPutFormContentFilter' to: [/*]
2018-07-02 10:10:45.764  INFO 4988 --- [localhost-startStop-1] o.s.b.w.servlet.FilterRegistrationBean   : Mapping filter: 'requestContextFilter' to: [/*]
2018-07-02 10:10:45.764  INFO 4988 --- [localhost-startStop-1] o.s.b.w.servlet.FilterRegistrationBean   : Mapping filter: 'httpTraceFilter' to: [/*]
2018-07-02 10:10:45.765  INFO 4988 --- [localhost-startStop-1] o.s.b.w.servlet.FilterRegistrationBean   : Mapping filter: 'webMvcMetricsFilter' to: [/*]
2018-07-02 10:10:45.911  INFO 4988 --- [main] o.s.w.s.handler.SimpleUrlHandlerMapping  : Mapped URL path [/**/favicon.ico] onto handler of type [class org.springframework.web.servlet.resource.ResourceHttpRequestHandler]
2018-07-02 10:10:46.231  INFO 4988 --- [main] s.w.s.m.m.a.RequestMappingHandlerAdapter : Looking for @ControllerAdvice: org.springframework.boot.web.servlet.context.AnnotationConfigServletWebServerApplicationContext@147e2ae7: startup date [Mon Jul 02 10:10:42 EDT 2018]; root of context hierarchy
2018-07-02 10:10:46.271  WARN 4988 --- [main] aWebConfiguration$JpaWebMvcConfiguration : spring.jpa.open-in-view is enabled by default. Therefore, database queries may be performed during view rendering. Explicitly configure spring.jpa.open-in-view to disable this warning
2018-07-02 10:10:46.302  INFO 4988 --- [main] s.w.s.m.m.a.RequestMappingHandlerMapping : Mapped "{[/rest/audio/get/{id:[\d]+}],methods=[GET]}" onto public org.springframework.http.ResponseEntity<com.blastfurnace.otr.service.response.GenericResponse<com.blastfurnace.otr.data.audiofile.model.AudioFileProperties>> com.blastfurnace.otr.audio.rest.AudioDataRestController.get(long)
2018-07-02 10:10:46.304  INFO 4988 --- [main] s.w.s.m.m.a.RequestMappingHandlerMapping : Mapped "{[/rest/audio/delete/{id:[\d]+}],methods=[DELETE]}" onto public org.springframework.http.ResponseEntity<com.blastfurnace.otr.service.response.GenericResponse<java.lang.String>> com.blastfurnace.otr.audio.rest.AudioDataRestController.delete(long)
2018-07-02 10:10:46.304  INFO 4988 --- [main] s.w.s.m.m.a.RequestMappingHandlerMapping : Mapped "{[/rest/audio],methods=[POST]}" onto public org.springframework.http.ResponseEntity<com.blastfurnace.otr.service.response.GenericResponse<com.blastfurnace.otr.data.audiofile.model.AudioFileProperties>> com.blastfurnace.otr.audio.rest.AudioDataRestController.save(com.blastfurnace.otr.data.audiofile.model.AudioFileProperties)
2018-07-02 10:10:46.304  INFO 4988 --- [main] s.w.s.m.m.a.RequestMappingHandlerMapping : Mapped "{[/rest/audio],methods=[GET]}" onto public org.springframework.http.ResponseEntity<java.util.List<com.blastfurnace.otr.service.response.GenericResponse<com.blastfurnace.otr.service.payload.PayloadWithCount<java.util.List<java.util.Map<java.lang.String, java.lang.Object>>>>>> com.blastfurnace.otr.audio.rest.AudioDataRestController.query(java.util.Map<java.lang.String, java.lang.String>)
2018-07-02 10:10:46.304  INFO 4988 --- [main] s.w.s.m.m.a.RequestMappingHandlerMapping : Mapped "{[/rest/audio/resultsCount],methods=[GET]}" onto public org.springframework.http.ResponseEntity<com.blastfurnace.otr.service.response.GenericResponse<java.lang.Long>> com.blastfurnace.otr.audio.rest.AudioDataRestController.getResultsCount(java.util.Map<java.lang.String, java.lang.String>)
2018-07-02 10:10:46.306  INFO 4988 --- [main] s.w.s.m.m.a.RequestMappingHandlerMapping : Mapped "{[/error]}" onto public org.springframework.http.ResponseEntity<java.util.Map<java.lang.String, java.lang.Object>> org.springframework.boot.autoconfigure.web.servlet.error.BasicErrorController.error(javax.servlet.http.HttpServletRequest)
2018-07-02 10:10:46.307  INFO 4988 --- [main] s.w.s.m.m.a.RequestMappingHandlerMapping : Mapped "{[/error],produces=[text/html]}" onto public org.springframework.web.servlet.ModelAndView org.springframework.boot.autoconfigure.web.servlet.error.BasicErrorController.errorHtml(javax.servlet.http.HttpServletRequest,javax.servlet.http.HttpServletResponse)
2018-07-02 10:10:46.579  INFO 4988 --- [main] o.s.w.s.handler.SimpleUrlHandlerMapping  : Mapped URL path [/webjars/**] onto handler of type [class org.springframework.web.servlet.resource.ResourceHttpRequestHandler]
2018-07-02 10:10:46.579  INFO 4988 --- [main] o.s.w.s.handler.SimpleUrlHandlerMapping  : Mapped URL path [/**] onto handler of type [class org.springframework.web.servlet.resource.ResourceHttpRequestHandler]
2018-07-02 10:10:47.087  INFO 4988 --- [main] ConfigServletWebServerApplicationContext : Refreshing org.springframework.boot.web.servlet.context.AnnotationConfigServletWebServerApplicationContext@6fbb4061: startup date [Mon Jul 02 10:10:47 EDT 2018]; parent: org.springframework.boot.web.servlet.context.AnnotationConfigServletWebServerApplicationContext@147e2ae7
2018-07-02 10:10:47.119  INFO 4988 --- [main] o.s.b.f.s.DefaultListableBeanFactory     : Overriding bean definition for bean 'handlerExceptionResolver' with a different definition: replacing [Root bean: class [null]; scope=; abstract=false; lazyInit=false; autowireMode=3; dependencyCheck=0; autowireCandidate=true; primary=false; factoryBeanName=org.springframework.web.servlet.config.annotation.DelegatingWebMvcConfiguration; factoryMethodName=handlerExceptionResolver; initMethodName=null; destroyMethodName=(inferred); defined in class path resource [org/springframework/web/servlet/config/annotation/DelegatingWebMvcConfiguration.class]] with [Root bean: class [null]; scope=; abstract=false; lazyInit=false; autowireMode=3; dependencyCheck=0; autowireCandidate=true; primary=false; factoryBeanName=org.springframework.boot.actuate.autoconfigure.web.servlet.WebMvcEndpointChildContextConfiguration; factoryMethodName=compositeHandlerExceptionResolver; initMethodName=null; destroyMethodName=(inferred); defined in class path resource [org/springframework/boot/actuate/autoconfigure/web/servlet/WebMvcEndpointChildContextConfiguration.class]]
2018-07-02 10:10:47.164  INFO 4988 --- [main] o.s.b.w.embedded.tomcat.TomcatWebServer  : Tomcat initialized with port(s): 9001 (http)
2018-07-02 10:10:47.165  INFO 4988 --- [main] o.apache.catalina.core.StandardService   : Starting service [Tomcat]
2018-07-02 10:10:47.166  INFO 4988 --- [main] org.apache.catalina.core.StandardEngine  : Starting Servlet Engine: Apache Tomcat/8.5.31
2018-07-02 10:10:47.172  INFO 4988 --- [localhost-startStop-1] o.a.c.c.C.[Tomcat-1].[localhost].[/]     : Initializing Spring embedded WebApplicationContext
2018-07-02 10:10:47.173  INFO 4988 --- [localhost-startStop-1] o.s.web.context.ContextLoader            : Root WebApplicationContext: initialization completed in 85 ms
2018-07-02 10:10:47.196  INFO 4988 --- [localhost-startStop-1] o.s.b.w.servlet.ServletRegistrationBean  : Servlet dispatcherServlet mapped to [/]
2018-07-02 10:10:47.224  INFO 4988 --- [main] o.s.b.a.e.web.EndpointLinksResolver      : Exposing 2 endpoint(s) beneath base path '/actuator'
2018-07-02 10:10:47.237  INFO 4988 --- [main] s.b.a.e.w.s.WebMvcEndpointHandlerMapping : Mapped "{[/actuator/health],methods=[GET],produces=[application/vnd.spring-boot.actuator.v2+json || application/json]}" onto public java.lang.Object org.springframework.boot.actuate.endpoint.web.servlet.AbstractWebMvcEndpointHandlerMapping$OperationHandler.handle(javax.servlet.http.HttpServletRequest,java.util.Map<java.lang.String, java.lang.String>)
2018-07-02 10:10:47.237  INFO 4988 --- [main] s.b.a.e.w.s.WebMvcEndpointHandlerMapping : Mapped "{[/actuator/info],methods=[GET],produces=[application/vnd.spring-boot.actuator.v2+json || application/json]}" onto public java.lang.Object org.springframework.boot.actuate.endpoint.web.servlet.AbstractWebMvcEndpointHandlerMapping$OperationHandler.handle(javax.servlet.http.HttpServletRequest,java.util.Map<java.lang.String, java.lang.String>)
2018-07-02 10:10:47.238  INFO 4988 --- [main] s.b.a.e.w.s.WebMvcEndpointHandlerMapping : Mapped "{[/actuator],methods=[GET],produces=[application/vnd.spring-boot.actuator.v2+json || application/json]}" onto protected java.util.Map<java.lang.String, java.util.Map<java.lang.String, org.springframework.boot.actuate.endpoint.web.Link>> org.springframework.boot.actuate.endpoint.web.servlet.WebMvcEndpointHandlerMapping.links(javax.servlet.http.HttpServletRequest,javax.servlet.http.HttpServletResponse)
2018-07-02 10:10:47.265  INFO 4988 --- [main] s.w.s.m.m.a.RequestMappingHandlerMapping : Mapped "{[/error]}" onto public java.util.Map<java.lang.String, java.lang.Object> org.springframework.boot.actuate.autoconfigure.web.servlet.ManagementErrorEndpoint.invoke(org.springframework.web.context.request.ServletWebRequest)
2018-07-02 10:10:47.271  INFO 4988 --- [main] o.s.w.s.handler.SimpleUrlHandlerMapping  : Mapped URL path [/webjars/**] onto handler of type [class org.springframework.web.servlet.resource.ResourceHttpRequestHandler]
2018-07-02 10:10:47.271  INFO 4988 --- [main] o.s.w.s.handler.SimpleUrlHandlerMapping  : Mapped URL path [/**] onto handler of type [class org.springframework.web.servlet.resource.ResourceHttpRequestHandler]
2018-07-02 10:10:47.288  INFO 4988 --- [main] s.w.s.m.m.a.RequestMappingHandlerAdapter : Looking for @ControllerAdvice: org.springframework.boot.web.servlet.context.AnnotationConfigServletWebServerApplicationContext@6fbb4061: startup date [Mon Jul 02 10:10:47 EDT 2018]; parent: org.springframework.boot.web.servlet.context.AnnotationConfigServletWebServerApplicationContext@147e2ae7
2018-07-02 10:10:47.340  INFO 4988 --- [main] o.s.b.w.embedded.tomcat.TomcatWebServer  : Tomcat started on port(s): 9001 (http) with context path ''
2018-07-02 10:10:47.356  INFO 4988 --- [main] o.s.b.w.embedded.tomcat.TomcatWebServer  : Tomcat started on port(s): 51881 (http) with context path ''
2018-07-02 10:10:47.358  INFO 4988 --- [main] c.b.o.a.AudioServiceApplicationTests     : Started AudioServiceApplicationTests in 5.469 seconds (JVM running for 6.068)
2018-07-02 10:10:47.515  INFO 4988 --- [http-nio-127.0.0.1-9001-exec-1] o.a.c.c.C.[Tomcat-1].[localhost].[/]     : Initializing Spring FrameworkServlet 'dispatcherServlet'
2018-07-02 10:10:47.515  INFO 4988 --- [http-nio-127.0.0.1-9001-exec-1] o.s.web.servlet.DispatcherServlet        : FrameworkServlet 'dispatcherServlet': initialization started
2018-07-02 10:10:47.528  INFO 4988 --- [http-nio-127.0.0.1-9001-exec-1] o.s.web.servlet.DispatcherServlet        : FrameworkServlet 'dispatcherServlet': initialization completed in 13 ms
2018-07-02 10:10:47.697  INFO 4988 --- [Thread-6] ConfigServletWebServerApplicationContext : Closing org.springframework.boot.web.servlet.context.AnnotationConfigServletWebServerApplicationContext@147e2ae7: startup date [Mon Jul 02 10:10:42 EDT 2018]; root of context hierarchy
2018-07-02 10:10:47.698  INFO 4988 --- [Thread-6] ConfigServletWebServerApplicationContext : Closing org.springframework.boot.web.servlet.context.AnnotationConfigServletWebServerApplicationContext@6fbb4061: startup date [Mon Jul 02 10:10:47 EDT 2018]; parent: org.springframework.boot.web.servlet.context.AnnotationConfigServletWebServerApplicationContext@147e2ae7
2018-07-02 10:10:47.764  INFO 4988 --- [Thread-6] j.LocalContainerEntityManagerFactoryBean : Closing JPA EntityManagerFactory for persistence unit 'default'
2018-07-02 10:10:47.764  INFO 4988 --- [Thread-6] com.zaxxer.hikari.HikariDataSource       : HikariPool-1 - Shutdown initiated...
2018-07-02 10:10:47.767  INFO 4988 --- [Thread-6] com.zaxxer.hikari.HikariDataSource       : HikariPool-1 - Shutdown completed.
